Build started 6/12/2024 10:44:09 AM.
     1>Project "C:\dev\prj\Github\VeraCrypt\src\COMReg\COMReg.vcxproj" on node 2 (rebuild target(s)).
     1>_PrepareForClean:
         Deleting file "Release\COMReg.lastbuildstate".
       InitializeBuildStatus:
         Touching "Release\COMReg.unsuccessfulbuild".
       ClCompile:
         C:\Program Files (x86)\Microsoft Visual Studio 10.0\VC\bin\CL.exe /c /I..\Setup /I..\Common /I..\Crypto /I..\ /I..\PKCS11 /I..\Common\zlib /I..\Common\libzip /I..\Common\lzma /Zi /nologo /W3 /WX- /O2 /Oi /Oy- /GL /D WIN32 /D VC_COMREG /D NDEBUG /D _WINDOWS /D HAVE_CONFIG_H /D ZIP_STATIC /D _UNICODE /D UNICODE /Gm- /EHsc /MT /GS /Gy /fp:precise /Zc:wchar_t /Zc:forScope /Fo"Release\\" /Fd"Release\vc100.pdb" /Gd /TC /analyze- /errorReport:prompt ..\Common\Crc.c ..\Setup\SelfExtract.c
         Crc.c
         SelfExtract.c
         C:\Program Files (x86)\Microsoft Visual Studio 10.0\VC\bin\CL.exe /c /I..\Setup /I..\Common /I..\Crypto /I..\ /I..\PKCS11 /I..\Common\zlib /I..\Common\libzip /I..\Common\lzma /Zi /nologo /W3 /WX- /O2 /Oi /Oy- /GL /D WIN32 /D VC_COMREG /D NDEBUG /D _WINDOWS /D HAVE_CONFIG_H /D ZIP_STATIC /D _UNICODE /D UNICODE /Gm- /EHsc /MT /GS /Gy /fp:precise /Zc:wchar_t /Zc:forScope /Fo"Release\\" /Fd"Release\vc100.pdb" /Gd /TP /analyze- /errorReport:prompt ..\Common\Dlgcode.c COMReg.cpp
         Dlgcode.c
         COMReg.cpp
       ResourceCompile:
         C:\Program Files (x86)\Microsoft SDKs\Windows\v7.0A\bin\rc.exe /D _UNICODE /D UNICODE /l"0x0409" /nologo /fo"Release\COMReg.res" COMReg.rc 
       Link:
         C:\Program Files (x86)\Microsoft Visual Studio 10.0\VC\bin\link.exe /ERRORREPORT:PROMPT /OUT:"Release\VeraCryptCOMRegBase.exe" /INCREMENTAL:NO /NOLOGO ..\Common\Release\Zip.lib ..\Crypto\Release\crypto.lib ..\Common\Release\lzma.lib kernel32.lib user32.lib gdi32.lib winspool.lib comdlg32.lib advapi32.lib shell32.lib ole32.lib oleaut32.lib uuid.lib odbc32.lib odbccp32.lib /MANIFEST /ManifestFile:"Release\VeraCryptCOMRegBase.exe.intermediate.manifest" /MANIFESTUAC:"level='asInvoker' uiAccess='false'" /PDB:"C:\dev\prj\Github\VeraCrypt\src\COMReg\Release\VeraCryptCOMRegBase.pdb" /SUBSYSTEM:WINDOWS /OPT:REF /OPT:ICF /LTCG /TLBID:1 /DYNAMICBASE /NXCOMPAT /IMPLIB:"Release\VeraCryptCOMRegBase.lib" /MACHINE:X86 Release\COMReg.res
         Release\Crc.obj
         Release\Dlgcode.obj
         Release\SelfExtract.obj
         Release\COMReg.obj
         C:\dev\prj\Github\VeraCrypt\src\Common\Release\Lzma.lib
         Generating code
         Finished generating code
         COMReg.vcxproj -> C:\dev\prj\Github\VeraCrypt\src\COMReg\Release\VeraCryptCOMRegBase.exe
       Manifest:
         C:\Program Files (x86)\Microsoft SDKs\Windows\v7.0A\bin\mt.exe /nologo /verbose /outputresource:"Release\VeraCryptCOMRegBase.exe;#1" /manifest Release\VeraCryptCOMRegBase.exe.intermediate.manifest
       PostBuildEvent:
         copy Release\VeraCryptCOMRegBase.exe "..\Release\Setup Files\VeraCryptCOMRegBase.exe"
         :VCEnd
                 1 file(s) copied.
       FinalizeBuildStatus:
         Deleting file "Release\COMReg.unsuccessfulbuild".
         Touching "Release\COMReg.lastbuildstate".
     1>Done Building Project "C:\dev\prj\Github\VeraCrypt\src\COMReg\COMReg.vcxproj" (rebuild target(s)).

Build succeeded.

Time Elapsed 00:00:02.70
